
> bias-test-app@0.1.0 dev
> next dev --turbopack --port 3001

   ▲ Next.js 15.4.6 (Turbopack)
   - Local:        http://localhost:3001
   - Network:      http://172.30.1.94:3001
   - Environments: .env.local

 ✓ Starting...
 ✓ Ready in 562ms
 ○ Compiling / ...
 ✓ Compiled / in 1389ms
 GET / 200 in 1563ms
 ✓ Compiled /favicon.ico in 87ms
 GET /favicon.ico?favicon.45db1c09.ico 200 in 338ms
 ✓ Compiled /test in 124ms
 GET /test 200 in 154ms
 ✓ Compiled /result in 189ms
 GET /result 200 in 230ms
 ⨯ ./src/components/ui/ShareButton.tsx:5:1
Module not found: Can't resolve 'dom-to-image-more'
[0m [90m 3 |[39m [36mimport[39m { useState } [36mfrom[39m [32m'react'[39m[33m;[39m
 [90m 4 |[39m [36mimport[39m { [33mArrowDownTrayIcon[39m } [36mfrom[39m [32m'@heroicons/react/24/outline'[39m[33m;[39m
[31m[1m>[22m[39m[90m 5 |[39m [36mimport[39m domtoimage [36mfrom[39m [32m'dom-to-image-more'[39m[33m;[39m
 [90m   |[39m [31m[1m^[22m[39m[31m[1m^[22m[39m[31m[1m^[22m[39m[31m[1m^[22m[39m[31m[1m^[22m[39m[31m[1m^[22m[39m[31m[1m^[22m[39m[31m[1m^[22m[39m[31m[1m^[22m[39m[31m[1m^[22m[39m[31m[1m^[22m[39m[31m[1m^[22m[39m[31m[1m^[22m[39m[31m[1m^[22m[39m[31m[1m^[22m[39m[31m[1m^[22m[39m[31m[1m^[22m[39m[31m[1m^[22m[39m[31m[1m^[22m[39m[31m[1m^[22m[39m[31m[1m^[22m[39m[31m[1m^[22m[39m[31m[1m^[22m[39m[31m[1m^[22m[39m[31m[1m^[22m[39m[31m[1m^[22m[39m[31m[1m^[22m[39m[31m[1m^[22m[39m[31m[1m^[22m[39m[31m[1m^[22m[39m[31m[1m^[22m[39m[31m[1m^[22m[39m[31m[1m^[22m[39m[31m[1m^[22m[39m[31m[1m^[22m[39m[31m[1m^[22m[39m[31m[1m^[22m[39m[31m[1m^[22m[39m[31m[1m^[22m[39m[31m[1m^[22m[39m[31m[1m^[22m[39m[31m[1m^[22m[39m[31m[1m^[22m[39m
 [90m 6 |[39m
 [90m 7 |[39m [36minterface[39m [33mShareButtonProps[39m {
 [90m 8 |[39m   resultElementId[33m:[39m string[33m;[39m[0m



Import traces:
  Client Component Browser:
    ./src/components/ui/ShareButton.tsx [Client Component Browser]
    ./src/app/result/page.tsx [Client Component Browser]
    ./src/app/result/page.tsx [Server Component]

  Client Component SSR:
    ./src/components/ui/ShareButton.tsx [Client Component SSR]
    ./src/app/result/page.tsx [Client Component SSR]
    ./src/app/result/page.tsx [Server Component]

https://nextjs.org/docs/messages/module-not-found


 ⨯ ./src/components/ui/ShareButton.tsx:5:1
Module not found: Can't resolve 'dom-to-image-more'
[0m [90m 3 |[39m [36mimport[39m { useState } [36mfrom[39m [32m'react'[39m[33m;[39m
 [90m 4 |[39m [36mimport[39m { [33mArrowDownTrayIcon[39m } [36mfrom[39m [32m'@heroicons/react/24/outline'[39m[33m;[39m
[31m[1m>[22m[39m[90m 5 |[39m [36mimport[39m domtoimage [36mfrom[39m [32m'dom-to-image-more'[39m[33m;[39m
 [90m   |[39m [31m[1m^[22m[39m[31m[1m^[22m[39m[31m[1m^[22m[39m[31m[1m^[22m[39m[31m[1m^[22m[39m[31m[1m^[22m[39m[31m[1m^[22m[39m[31m[1m^[22m[39m[31m[1m^[22m[39m[31m[1m^[22m[39m[31m[1m^[22m[39m[31m[1m^[22m[39m[31m[1m^[22m[39m[31m[1m^[22m[39m[31m[1m^[22m[39m[31m[1m^[22m[39m[31m[1m^[22m[39m[31m[1m^[22m[39m[31m[1m^[22m[39m[31m[1m^[22m[39m[31m[1m^[22m[39m[31m[1m^[22m[39m[31m[1m^[22m[39m[31m[1m^[22m[39m[31m[1m^[22m[39m[31m[1m^[22m[39m[31m[1m^[22m[39m[31m[1m^[22m[39m[31m[1m^[22m[39m[31m[1m^[22m[39m[31m[1m^[22m[39m[31m[1m^[22m[39m[31m[1m^[22m[39m[31m[1m^[22m[39m[31m[1m^[22m[39m[31m[1m^[22m[39m[31m[1m^[22m[39m[31m[1m^[22m[39m[31m[1m^[22m[39m[31m[1m^[22m[39m[31m[1m^[22m[39m[31m[1m^[22m[39m[31m[1m^[22m[39m
 [90m 6 |[39m
 [90m 7 |[39m [36minterface[39m [33mShareButtonProps[39m {
 [90m 8 |[39m   resultElementId[33m:[39m string[33m;[39m[0m



Import traces:
  Client Component Browser:
    ./src/components/ui/ShareButton.tsx [Client Component Browser]
    ./src/app/result/page.tsx [Client Component Browser]
    ./src/app/result/page.tsx [Server Component]

  Client Component SSR:
    ./src/components/ui/ShareButton.tsx [Client Component SSR]
    ./src/app/result/page.tsx [Client Component SSR]
    ./src/app/result/page.tsx [Server Component]

https://nextjs.org/docs/messages/module-not-found


 ⨯ ./src/components/ui/ShareButton.tsx:5:1
Module not found: Can't resolve 'dom-to-image-more'
[0m [90m 3 |[39m [36mimport[39m { useState } [36mfrom[39m [32m'react'[39m[33m;[39m
 [90m 4 |[39m [36mimport[39m { [33mArrowDownTrayIcon[39m } [36mfrom[39m [32m'@heroicons/react/24/outline'[39m[33m;[39m
[31m[1m>[22m[39m[90m 5 |[39m [36mimport[39m domtoimage [36mfrom[39m [32m'dom-to-image-more'[39m[33m;[39m
 [90m   |[39m [31m[1m^[22m[39m[31m[1m^[22m[39m[31m[1m^[22m[39m[31m[1m^[22m[39m[31m[1m^[22m[39m[31m[1m^[22m[39m[31m[1m^[22m[39m[31m[1m^[22m[39m[31m[1m^[22m[39m[31m[1m^[22m[39m[31m[1m^[22m[39m[31m[1m^[22m[39m[31m[1m^[22m[39m[31m[1m^[22m[39m[31m[1m^[22m[39m[31m[1m^[22m[39m[31m[1m^[22m[39m[31m[1m^[22m[39m[31m[1m^[22m[39m[31m[1m^[22m[39m[31m[1m^[22m[39m[31m[1m^[22m[39m[31m[1m^[22m[39m[31m[1m^[22m[39m[31m[1m^[22m[39m[31m[1m^[22m[39m[31m[1m^[22m[39m[31m[1m^[22m[39m[31m[1m^[22m[39m[31m[1m^[22m[39m[31m[1m^[22m[39m[31m[1m^[22m[39m[31m[1m^[22m[39m[31m[1m^[22m[39m[31m[1m^[22m[39m[31m[1m^[22m[39m[31m[1m^[22m[39m[31m[1m^[22m[39m[31m[1m^[22m[39m[31m[1m^[22m[39m[31m[1m^[22m[39m[31m[1m^[22m[39m[31m[1m^[22m[39m
 [90m 6 |[39m
 [90m 7 |[39m [36minterface[39m [33mShareButtonProps[39m {
 [90m 8 |[39m   resultElementId[33m:[39m string[33m;[39m[0m



Import traces:
  Client Component Browser:
    ./src/components/ui/ShareButton.tsx [Client Component Browser]
    ./src/app/result/page.tsx [Client Component Browser]
    ./src/app/result/page.tsx [Server Component]

  Client Component SSR:
    ./src/components/ui/ShareButton.tsx [Client Component SSR]
    ./src/app/result/page.tsx [Client Component SSR]
    ./src/app/result/page.tsx [Server Component]

https://nextjs.org/docs/messages/module-not-found


 ⨯ ./src/components/ui/ShareButton.tsx:5:1
Module not found: Can't resolve 'dom-to-image-more'
[0m [90m 3 |[39m [36mimport[39m { useState } [36mfrom[39m [32m'react'[39m[33m;[39m
 [90m 4 |[39m [36mimport[39m { [33mArrowDownTrayIcon[39m } [36mfrom[39m [32m'@heroicons/react/24/outline'[39m[33m;[39m
[31m[1m>[22m[39m[90m 5 |[39m [36mimport[39m domtoimage [36mfrom[39m [32m'dom-to-image-more'[39m[33m;[39m
 [90m   |[39m [31m[1m^[22m[39m[31m[1m^[22m[39m[31m[1m^[22m[39m[31m[1m^[22m[39m[31m[1m^[22m[39m[31m[1m^[22m[39m[31m[1m^[22m[39m[31m[1m^[22m[39m[31m[1m^[22m[39m[31m[1m^[22m[39m[31m[1m^[22m[39m[31m[1m^[22m[39m[31m[1m^[22m[39m[31m[1m^[22m[39m[31m[1m^[22m[39m[31m[1m^[22m[39m[31m[1m^[22m[39m[31m[1m^[22m[39m[31m[1m^[22m[39m[31m[1m^[22m[39m[31m[1m^[22m[39m[31m[1m^[22m[39m[31m[1m^[22m[39m[31m[1m^[22m[39m[31m[1m^[22m[39m[31m[1m^[22m[39m[31m[1m^[22m[39m[31m[1m^[22m[39m[31m[1m^[22m[39m[31m[1m^[22m[39m[31m[1m^[22m[39m[31m[1m^[22m[39m[31m[1m^[22m[39m[31m[1m^[22m[39m[31m[1m^[22m[39m[31m[1m^[22m[39m[31m[1m^[22m[39m[31m[1m^[22m[39m[31m[1m^[22m[39m[31m[1m^[22m[39m[31m[1m^[22m[39m[31m[1m^[22m[39m[31m[1m^[22m[39m
 [90m 6 |[39m
 [90m 7 |[39m [36minterface[39m [33mShareButtonProps[39m {
 [90m 8 |[39m   resultElementId[33m:[39m string[33m;[39m[0m



Import traces:
  Client Component Browser:
    ./src/components/ui/ShareButton.tsx [Client Component Browser]
    ./src/app/result/page.tsx [Client Component Browser]
    ./src/app/result/page.tsx [Server Component]

  Client Component SSR:
    ./src/components/ui/ShareButton.tsx [Client Component SSR]
    ./src/app/result/page.tsx [Client Component SSR]
    ./src/app/result/page.tsx [Server Component]

https://nextjs.org/docs/messages/module-not-found


 ⨯ ./src/components/ui/ShareButton.tsx:5:1
Module not found: Can't resolve 'dom-to-image-more'
[0m [90m 3 |[39m [36mimport[39m { useState } [36mfrom[39m [32m'react'[39m[33m;[39m
 [90m 4 |[39m [36mimport[39m { [33mArrowDownTrayIcon[39m } [36mfrom[39m [32m'@heroicons/react/24/outline'[39m[33m;[39m
[31m[1m>[22m[39m[90m 5 |[39m [36mimport[39m domtoimage [36mfrom[39m [32m'dom-to-image-more'[39m[33m;[39m
 [90m   |[39m [31m[1m^[22m[39m[31m[1m^[22m[39m[31m[1m^[22m[39m[31m[1m^[22m[39m[31m[1m^[22m[39m[31m[1m^[22m[39m[31m[1m^[22m[39m[31m[1m^[22m[39m[31m[1m^[22m[39m[31m[1m^[22m[39m[31m[1m^[22m[39m[31m[1m^[22m[39m[31m[1m^[22m[39m[31m[1m^[22m[39m[31m[1m^[22m[39m[31m[1m^[22m[39m[31m[1m^[22m[39m[31m[1m^[22m[39m[31m[1m^[22m[39m[31m[1m^[22m[39m[31m[1m^[22m[39m[31m[1m^[22m[39m[31m[1m^[22m[39m[31m[1m^[22m[39m[31m[1m^[22m[39m[31m[1m^[22m[39m[31m[1m^[22m[39m[31m[1m^[22m[39m[31m[1m^[22m[39m[31m[1m^[22m[39m[31m[1m^[22m[39m[31m[1m^[22m[39m[31m[1m^[22m[39m[31m[1m^[22m[39m[31m[1m^[22m[39m[31m[1m^[22m[39m[31m[1m^[22m[39m[31m[1m^[22m[39m[31m[1m^[22m[39m[31m[1m^[22m[39m[31m[1m^[22m[39m[31m[1m^[22m[39m[31m[1m^[22m[39m
 [90m 6 |[39m
 [90m 7 |[39m [36minterface[39m [33mShareButtonProps[39m {
 [90m 8 |[39m   resultElementId[33m:[39m string[33m;[39m[0m



Import traces:
  Client Component Browser:
    ./src/components/ui/ShareButton.tsx [Client Component Browser]
    ./src/app/result/page.tsx [Client Component Browser]
    ./src/app/result/page.tsx [Server Component]

  Client Component SSR:
    ./src/components/ui/ShareButton.tsx [Client Component SSR]
    ./src/app/result/page.tsx [Client Component SSR]
    ./src/app/result/page.tsx [Server Component]

https://nextjs.org/docs/messages/module-not-found


 ⨯ ./src/components/ui/ShareButton.tsx:5:1
Module not found: Can't resolve 'dom-to-image-more'
[0m [90m 3 |[39m [36mimport[39m { useState } [36mfrom[39m [32m'react'[39m[33m;[39m
 [90m 4 |[39m [36mimport[39m { [33mArrowDownTrayIcon[39m } [36mfrom[39m [32m'@heroicons/react/24/outline'[39m[33m;[39m
[31m[1m>[22m[39m[90m 5 |[39m [36mimport[39m domtoimage [36mfrom[39m [32m'dom-to-image-more'[39m[33m;[39m
 [90m   |[39m [31m[1m^[22m[39m[31m[1m^[22m[39m[31m[1m^[22m[39m[31m[1m^[22m[39m[31m[1m^[22m[39m[31m[1m^[22m[39m[31m[1m^[22m[39m[31m[1m^[22m[39m[31m[1m^[22m[39m[31m[1m^[22m[39m[31m[1m^[22m[39m[31m[1m^[22m[39m[31m[1m^[22m[39m[31m[1m^[22m[39m[31m[1m^[22m[39m[31m[1m^[22m[39m[31m[1m^[22m[39m[31m[1m^[22m[39m[31m[1m^[22m[39m[31m[1m^[22m[39m[31m[1m^[22m[39m[31m[1m^[22m[39m[31m[1m^[22m[39m[31m[1m^[22m[39m[31m[1m^[22m[39m[31m[1m^[22m[39m[31m[1m^[22m[39m[31m[1m^[22m[39m[31m[1m^[22m[39m[31m[1m^[22m[39m[31m[1m^[22m[39m[31m[1m^[22m[39m[31m[1m^[22m[39m[31m[1m^[22m[39m[31m[1m^[22m[39m[31m[1m^[22m[39m[31m[1m^[22m[39m[31m[1m^[22m[39m[31m[1m^[22m[39m[31m[1m^[22m[39m[31m[1m^[22m[39m[31m[1m^[22m[39m[31m[1m^[22m[39m
 [90m 6 |[39m
 [90m 7 |[39m [36minterface[39m [33mShareButtonProps[39m {
 [90m 8 |[39m   resultElementId[33m:[39m string[33m;[39m[0m



Import traces:
  Client Component Browser:
    ./src/components/ui/ShareButton.tsx [Client Component Browser]
    ./src/app/result/page.tsx [Client Component Browser]
    ./src/app/result/page.tsx [Server Component]

  Client Component SSR:
    ./src/components/ui/ShareButton.tsx [Client Component SSR]
    ./src/app/result/page.tsx [Client Component SSR]
    ./src/app/result/page.tsx [Server Component]

https://nextjs.org/docs/messages/module-not-found


 ⨯ ./src/components/ui/ShareButton.tsx:5:1
Module not found: Can't resolve 'dom-to-image-more'
[0m [90m 3 |[39m [36mimport[39m { useState } [36mfrom[39m [32m'react'[39m[33m;[39m
 [90m 4 |[39m [36mimport[39m { [33mArrowDownTrayIcon[39m } [36mfrom[39m [32m'@heroicons/react/24/outline'[39m[33m;[39m
[31m[1m>[22m[39m[90m 5 |[39m [36mimport[39m domtoimage [36mfrom[39m [32m'dom-to-image-more'[39m[33m;[39m
 [90m   |[39m [31m[1m^[22m[39m[31m[1m^[22m[39m[31m[1m^[22m[39m[31m[1m^[22m[39m[31m[1m^[22m[39m[31m[1m^[22m[39m[31m[1m^[22m[39m[31m[1m^[22m[39m[31m[1m^[22m[39m[31m[1m^[22m[39m[31m[1m^[22m[39m[31m[1m^[22m[39m[31m[1m^[22m[39m[31m[1m^[22m[39m[31m[1m^[22m[39m[31m[1m^[22m[39m[31m[1m^[22m[39m[31m[1m^[22m[39m[31m[1m^[22m[39m[31m[1m^[22m[39m[31m[1m^[22m[39m[31m[1m^[22m[39m[31m[1m^[22m[39m[31m[1m^[22m[39m[31m[1m^[22m[39m[31m[1m^[22m[39m[31m[1m^[22m[39m[31m[1m^[22m[39m[31m[1m^[22m[39m[31m[1m^[22m[39m[31m[1m^[22m[39m[31m[1m^[22m[39m[31m[1m^[22m[39m[31m[1m^[22m[39m[31m[1m^[22m[39m[31m[1m^[22m[39m[31m[1m^[22m[39m[31m[1m^[22m[39m[31m[1m^[22m[39m[31m[1m^[22m[39m[31m[1m^[22m[39m[31m[1m^[22m[39m[31m[1m^[22m[39m
 [90m 6 |[39m
 [90m 7 |[39m [36minterface[39m [33mShareButtonProps[39m {
 [90m 8 |[39m   resultElementId[33m:[39m string[33m;[39m[0m



Import traces:
  Client Component Browser:
    ./src/components/ui/ShareButton.tsx [Client Component Browser]
    ./src/app/result/page.tsx [Client Component Browser]
    ./src/app/result/page.tsx [Server Component]

  Client Component SSR:
    ./src/components/ui/ShareButton.tsx [Client Component SSR]
    ./src/app/result/page.tsx [Client Component SSR]
    ./src/app/result/page.tsx [Server Component]

https://nextjs.org/docs/messages/module-not-found


 ⨯ ./src/components/ui/ShareButton.tsx:5:1
Module not found: Can't resolve 'dom-to-image-more'
[0m [90m 3 |[39m [36mimport[39m { useState } [36mfrom[39m [32m'react'[39m[33m;[39m
 [90m 4 |[39m [36mimport[39m { [33mArrowDownTrayIcon[39m } [36mfrom[39m [32m'@heroicons/react/24/outline'[39m[33m;[39m
[31m[1m>[22m[39m[90m 5 |[39m [36mimport[39m domtoimage [36mfrom[39m [32m'dom-to-image-more'[39m[33m;[39m
 [90m   |[39m [31m[1m^[22m[39m[31m[1m^[22m[39m[31m[1m^[22m[39m[31m[1m^[22m[39m[31m[1m^[22m[39m[31m[1m^[22m[39m[31m[1m^[22m[39m[31m[1m^[22m[39m[31m[1m^[22m[39m[31m[1m^[22m[39m[31m[1m^[22m[39m[31m[1m^[22m[39m[31m[1m^[22m[39m[31m[1m^[22m[39m[31m[1m^[22m[39m[31m[1m^[22m[39m[31m[1m^[22m[39m[31m[1m^[22m[39m[31m[1m^[22m[39m[31m[1m^[22m[39m[31m[1m^[22m[39m[31m[1m^[22m[39m[31m[1m^[22m[39m[31m[1m^[22m[39m[31m[1m^[22m[39m[31m[1m^[22m[39m[31m[1m^[22m[39m[31m[1m^[22m[39m[31m[1m^[22m[39m[31m[1m^[22m[39m[31m[1m^[22m[39m[31m[1m^[22m[39m[31m[1m^[22m[39m[31m[1m^[22m[39m[31m[1m^[22m[39m[31m[1m^[22m[39m[31m[1m^[22m[39m[31m[1m^[22m[39m[31m[1m^[22m[39m[31m[1m^[22m[39m[31m[1m^[22m[39m[31m[1m^[22m[39m[31m[1m^[22m[39m
 [90m 6 |[39m
 [90m 7 |[39m [36minterface[39m [33mShareButtonProps[39m {
 [90m 8 |[39m   resultElementId[33m:[39m string[33m;[39m[0m



Import traces:
  Client Component Browser:
    ./src/components/ui/ShareButton.tsx [Client Component Browser]
    ./src/app/result/page.tsx [Client Component Browser]
    ./src/app/result/page.tsx [Server Component]

  Client Component SSR:
    ./src/components/ui/ShareButton.tsx [Client Component SSR]
    ./src/app/result/page.tsx [Client Component SSR]
    ./src/app/result/page.tsx [Server Component]

https://nextjs.org/docs/messages/module-not-found


 ⨯ ./src/components/ui/ShareButton.tsx:5:1
Module not found: Can't resolve 'dom-to-image-more'
[0m [90m 3 |[39m [36mimport[39m { useState } [36mfrom[39m [32m'react'[39m[33m;[39m
 [90m 4 |[39m [36mimport[39m { [33mArrowDownTrayIcon[39m } [36mfrom[39m [32m'@heroicons/react/24/outline'[39m[33m;[39m
[31m[1m>[22m[39m[90m 5 |[39m [36mimport[39m domtoimage [36mfrom[39m [32m'dom-to-image-more'[39m[33m;[39m
 [90m   |[39m [31m[1m^[22m[39m[31m[1m^[22m[39m[31m[1m^[22m[39m[31m[1m^[22m[39m[31m[1m^[22m[39m[31m[1m^[22m[39m[31m[1m^[22m[39m[31m[1m^[22m[39m[31m[1m^[22m[39m[31m[1m^[22m[39m[31m[1m^[22m[39m[31m[1m^[22m[39m[31m[1m^[22m[39m[31m[1m^[22m[39m[31m[1m^[22m[39m[31m[1m^[22m[39m[31m[1m^[22m[39m[31m[1m^[22m[39m[31m[1m^[22m[39m[31m[1m^[22m[39m[31m[1m^[22m[39m[31m[1m^[22m[39m[31m[1m^[22m[39m[31m[1m^[22m[39m[31m[1m^[22m[39m[31m[1m^[22m[39m[31m[1m^[22m[39m[31m[1m^[22m[39m[31m[1m^[22m[39m[31m[1m^[22m[39m[31m[1m^[22m[39m[31m[1m^[22m[39m[31m[1m^[22m[39m[31m[1m^[22m[39m[31m[1m^[22m[39m[31m[1m^[22m[39m[31m[1m^[22m[39m[31m[1m^[22m[39m[31m[1m^[22m[39m[31m[1m^[22m[39m[31m[1m^[22m[39m[31m[1m^[22m[39m[31m[1m^[22m[39m
 [90m 6 |[39m
 [90m 7 |[39m [36minterface[39m [33mShareButtonProps[39m {
 [90m 8 |[39m   resultElementId[33m:[39m string[33m;[39m[0m



Import traces:
  Client Component Browser:
    ./src/components/ui/ShareButton.tsx [Client Component Browser]
    ./src/app/result/page.tsx [Client Component Browser]
    ./src/app/result/page.tsx [Server Component]

  Client Component SSR:
    ./src/components/ui/ShareButton.tsx [Client Component SSR]
    ./src/app/result/page.tsx [Client Component SSR]
    ./src/app/result/page.tsx [Server Component]

https://nextjs.org/docs/messages/module-not-found


 ⨯ ./src/components/ui/ShareButton.tsx:5:1
Module not found: Can't resolve 'dom-to-image-more'
[0m [90m 3 |[39m [36mimport[39m { useState } [36mfrom[39m [32m'react'[39m[33m;[39m
 [90m 4 |[39m [36mimport[39m { [33mArrowDownTrayIcon[39m } [36mfrom[39m [32m'@heroicons/react/24/outline'[39m[33m;[39m
[31m[1m>[22m[39m[90m 5 |[39m [36mimport[39m domtoimage [36mfrom[39m [32m'dom-to-image-more'[39m[33m;[39m
 [90m   |[39m [31m[1m^[22m[39m[31m[1m^[22m[39m[31m[1m^[22m[39m[31m[1m^[22m[39m[31m[1m^[22m[39m[31m[1m^[22m[39m[31m[1m^[22m[39m[31m[1m^[22m[39m[31m[1m^[22m[39m[31m[1m^[22m[39m[31m[1m^[22m[39m[31m[1m^[22m[39m[31m[1m^[22m[39m[31m[1m^[22m[39m[31m[1m^[22m[39m[31m[1m^[22m[39m[31m[1m^[22m[39m[31m[1m^[22m[39m[31m[1m^[22m[39m[31m[1m^[22m[39m[31m[1m^[22m[39m[31m[1m^[22m[39m[31m[1m^[22m[39m[31m[1m^[22m[39m[31m[1m^[22m[39m[31m[1m^[22m[39m[31m[1m^[22m[39m[31m[1m^[22m[39m[31m[1m^[22m[39m[31m[1m^[22m[39m[31m[1m^[22m[39m[31m[1m^[22m[39m[31m[1m^[22m[39m[31m[1m^[22m[39m[31m[1m^[22m[39m[31m[1m^[22m[39m[31m[1m^[22m[39m[31m[1m^[22m[39m[31m[1m^[22m[39m[31m[1m^[22m[39m[31m[1m^[22m[39m[31m[1m^[22m[39m[31m[1m^[22m[39m
 [90m 6 |[39m
 [90m 7 |[39m [36minterface[39m [33mShareButtonProps[39m {
 [90m 8 |[39m   resultElementId[33m:[39m string[33m;[39m[0m



Import traces:
  Client Component Browser:
    ./src/components/ui/ShareButton.tsx [Client Component Browser]
    ./src/app/result/page.tsx [Client Component Browser]
    ./src/app/result/page.tsx [Server Component]

  Client Component SSR:
    ./src/components/ui/ShareButton.tsx [Client Component SSR]
    ./src/app/result/page.tsx [Client Component SSR]
    ./src/app/result/page.tsx [Server Component]

https://nextjs.org/docs/messages/module-not-found


 ⨯ ./src/components/ui/ShareButton.tsx:5:1
Module not found: Can't resolve 'dom-to-image-more'
[0m [90m 3 |[39m [36mimport[39m { useState } [36mfrom[39m [32m'react'[39m[33m;[39m
 [90m 4 |[39m [36mimport[39m { [33mArrowDownTrayIcon[39m } [36mfrom[39m [32m'@heroicons/react/24/outline'[39m[33m;[39m
[31m[1m>[22m[39m[90m 5 |[39m [36mimport[39m domtoimage [36mfrom[39m [32m'dom-to-image-more'[39m[33m;[39m
 [90m   |[39m [31m[1m^[22m[39m[31m[1m^[22m[39m[31m[1m^[22m[39m[31m[1m^[22m[39m[31m[1m^[22m[39m[31m[1m^[22m[39m[31m[1m^[22m[39m[31m[1m^[22m[39m[31m[1m^[22m[39m[31m[1m^[22m[39m[31m[1m^[22m[39m[31m[1m^[22m[39m[31m[1m^[22m[39m[31m[1m^[22m[39m[31m[1m^[22m[39m[31m[1m^[22m[39m[31m[1m^[22m[39m[31m[1m^[22m[39m[31m[1m^[22m[39m[31m[1m^[22m[39m[31m[1m^[22m[39m[31m[1m^[22m[39m[31m[1m^[22m[39m[31m[1m^[22m[39m[31m[1m^[22m[39m[31m[1m^[22m[39m[31m[1m^[22m[39m[31m[1m^[22m[39m[31m[1m^[22m[39m[31m[1m^[22m[39m[31m[1m^[22m[39m[31m[1m^[22m[39m[31m[1m^[22m[39m[31m[1m^[22m[39m[31m[1m^[22m[39m[31m[1m^[22m[39m[31m[1m^[22m[39m[31m[1m^[22m[39m[31m[1m^[22m[39m[31m[1m^[22m[39m[31m[1m^[22m[39m[31m[1m^[22m[39m[31m[1m^[22m[39m
 [90m 6 |[39m
 [90m 7 |[39m [36minterface[39m [33mShareButtonProps[39m {
 [90m 8 |[39m   resultElementId[33m:[39m string[33m;[39m[0m



Import traces:
  Client Component Browser:
    ./src/components/ui/ShareButton.tsx [Client Component Browser]
    ./src/app/result/page.tsx [Client Component Browser]
    ./src/app/result/page.tsx [Server Component]

  Client Component SSR:
    ./src/components/ui/ShareButton.tsx [Client Component SSR]
    ./src/app/result/page.tsx [Client Component SSR]
    ./src/app/result/page.tsx [Server Component]

https://nextjs.org/docs/messages/module-not-found


 ⨯ ./src/components/ui/ShareButton.tsx:5:1
Module not found: Can't resolve 'dom-to-image-more'
[0m [90m 3 |[39m [36mimport[39m { useState } [36mfrom[39m [32m'react'[39m[33m;[39m
 [90m 4 |[39m [36mimport[39m { [33mArrowDownTrayIcon[39m } [36mfrom[39m [32m'@heroicons/react/24/outline'[39m[33m;[39m
[31m[1m>[22m[39m[90m 5 |[39m [36mimport[39m domtoimage [36mfrom[39m [32m'dom-to-image-more'[39m[33m;[39m
 [90m   |[39m [31m[1m^[22m[39m[31m[1m^[22m[39m[31m[1m^[22m[39m[31m[1m^[22m[39m[31m[1m^[22m[39m[31m[1m^[22m[39m[31m[1m^[22m[39m[31m[1m^[22m[39m[31m[1m^[22m[39m[31m[1m^[22m[39m[31m[1m^[22m[39m[31m[1m^[22m[39m[31m[1m^[22m[39m[31m[1m^[22m[39m[31m[1m^[22m[39m[31m[1m^[22m[39m[31m[1m^[22m[39m[31m[1m^[22m[39m[31m[1m^[22m[39m[31m[1m^[22m[39m[31m[1m^[22m[39m[31m[1m^[22m[39m[31m[1m^[22m[39m[31m[1m^[22m[39m[31m[1m^[22m[39m[31m[1m^[22m[39m[31m[1m^[22m[39m[31m[1m^[22m[39m[31m[1m^[22m[39m[31m[1m^[22m[39m[31m[1m^[22m[39m[31m[1m^[22m[39m[31m[1m^[22m[39m[31m[1m^[22m[39m[31m[1m^[22m[39m[31m[1m^[22m[39m[31m[1m^[22m[39m[31m[1m^[22m[39m[31m[1m^[22m[39m[31m[1m^[22m[39m[31m[1m^[22m[39m[31m[1m^[22m[39m[31m[1m^[22m[39m
 [90m 6 |[39m
 [90m 7 |[39m [36minterface[39m [33mShareButtonProps[39m {
 [90m 8 |[39m   resultElementId[33m:[39m string[33m;[39m[0m



Import traces:
  Client Component Browser:
    ./src/components/ui/ShareButton.tsx [Client Component Browser]
    ./src/app/result/page.tsx [Client Component Browser]
    ./src/app/result/page.tsx [Server Component]

  Client Component SSR:
    ./src/components/ui/ShareButton.tsx [Client Component SSR]
    ./src/app/result/page.tsx [Client Component SSR]
    ./src/app/result/page.tsx [Server Component]

https://nextjs.org/docs/messages/module-not-found


 ✓ Compiled in 21ms
 ✓ Compiled in 24ms
 ✓ Compiled /result in 274ms
 GET /result 200 in 360ms
 GET /result 200 in 96ms
 ✓ Compiled in 23ms
 ✓ Compiled in 23ms
 GET /result 200 in 107ms
 ✓ Compiled in 23ms
 ✓ Compiled in 27ms
 GET /result 200 in 120ms
 ✓ Compiled in 20ms
 ✓ Compiled in 22ms
 ✓ Compiled in 19ms
 GET /result 200 in 83ms
 GET / 200 in 37ms
 GET /favicon.ico?favicon.45db1c09.ico 200 in 230ms
 GET /favicon.ico?favicon.45db1c09.ico 200 in 234ms
 GET /test 200 in 52ms
 GET /favicon.ico 200 in 38ms
 GET /result 200 in 51ms
 GET /favicon.ico 200 in 41ms
 ✓ Compiled in 20ms
 GET /result 200 in 103ms
 ✓ Compiled in 22ms
 ✓ Compiled in 21ms
 ✓ Compiled in 21ms
 GET /result 200 in 95ms
 GET /result 200 in 52ms
 GET /favicon.ico 200 in 42ms
 GET /favicon.ico?favicon.45db1c09.ico 200 in 222ms
 GET /favicon.ico?favicon.45db1c09.ico 200 in 224ms
 GET / 200 in 35ms
 GET /test 200 in 50ms
 GET /favicon.ico 200 in 36ms
 GET /result 200 in 52ms
 GET /favicon.ico 200 in 40ms
 GET /result 200 in 56ms
 GET /result 200 in 18ms
 ✓ Compiled in 33ms
 GET /result 200 in 45ms
 GET /result 200 in 22ms
 ✓ Compiled in 25ms
 ✓ Compiled in 35ms
 GET /result 200 in 119ms
 ✓ Compiled /api/generate-image in 84ms
 ⨯ [Error: export const dynamic = "force-static"/export const revalidate not configured on route "/api/generate-image" with "output: export". See more info here: https://nextjs.org/docs/advanced-features/static-html-export] {
  page: '/api/generate-image'
}
 ✓ Compiled /_error in 381ms
 GET /api/generate-image?percentage=50&userName=%E3%85%97%E3%85%97&category=above_moderate&lang=ko 500 in 702ms
 ⨯ [Error: export const dynamic = "force-static"/export const revalidate not configured on route "/api/generate-image" with "output: export". See more info here: https://nextjs.org/docs/advanced-features/static-html-export] {
  page: '/api/generate-image'
}
 GET /api/generate-image?percentage=50&userName=%E3%85%97%E3%85%97&category=above_moderate&lang=ko 500 in 70ms
 GET /favicon.ico 200 in 251ms
 ⚠ Found a change in next.config.ts. Restarting the server to apply the changes...
   ▲ Next.js 15.4.6 (Turbopack)
   - Local:        http://localhost:3001
   - Network:      http://172.30.1.94:3001
   - Environments: .env.local

 ✓ Starting...
 ✓ Ready in 688ms
 ✓ Compiled /api/generate-image in 448ms
Launching puppeteer...
Navigating to http://localhost:3001/render-result?percentage=50&userName=%E3%85%97%E3%85%97&category=above_moderate&lang=ko
 ○ Compiling /render-result ...
 ✓ Compiled /render-result in 678ms
 GET /render-result?percentage=50&userName=%E3%85%97%E3%85%97&category=above_moderate&lang=ko 200 in 815ms
 ✓ Compiled /favicon.ico in 65ms
 GET /favicon.ico?favicon.45db1c09.ico 200 in 297ms
Taking screenshot...
Screenshot successful, returning image.
 GET /api/generate-image?percentage=50&userName=%E3%85%97%E3%85%97&category=above_moderate&lang=ko 200 in 5781ms
[?25h
